"../../../../../../jacobarmitage/Documents/GitHub/SproutSprint/Content/Materials/Red.uasset" 0
"../../../../../../jacobarmitage/Documents/GitHub/SproutSprint/Content/Materials/Blue.uasset" 1
"../../../Engine/Content/Functions/Engine_MaterialFunctions02/Texturing/CustomRotator.uasset" 2
"../../../../../../jacobarmitage/Documents/GitHub/SproutSprint/Content/Materials/Guides/FloorMap.uasset" 3
"../../../../../../jacobarmitage/Documents/GitHub/SproutSprint/Content/Materials/Guides/mat_FloorMap.uasset" 4
"../../../Engine/Content/EditorBlueprintResources/StandardMacros.uasset" 5
"../../../../../../jacobarmitage/Documents/GitHub/SproutSprint/Content/Characters/SproutController.uasset" 6
"../../../../../../jacobarmitage/Documents/GitHub/SproutSprint/Content/GameModes/SproutSaveGame.uasset" 7
"../../../../../../jacobarmitage/Documents/GitHub/SproutSprint/Content/Materials/Sprout.uasset" 8
"../../../Engine/Content/Functions/Engine_MaterialFunctions01/Opacity/CameraDepthFade.uasset" 9
"../../../Engine/Content/EngineMaterials/T_Default_Material_Grid_M.uasset" 10
"../../../Engine/Content/EngineMaterials/T_Default_Material_Grid_N.uasset" 11
"../../../Engine/Content/EngineMaterials/DefaultMaterial.uasset" 12
"../../../Engine/Content/BasicShapes/Sphere.uasset" 13
"../../../../../../jacobarmitage/Documents/GitHub/SproutSprint/Content/UI/GameOver/GameOver.uasset" 14
"../../../../../../jacobarmitage/Documents/GitHub/SproutSprint/Content/Characters/Sprout_BP.uasset" 15
"../../../Engine/Content/BasicShapes/BasicShapeMaterial.uasset" 16
"../../../Engine/Content/EngineMaterials/WorldGridMaterial.uasset" 17
"../../../Engine/Content/BasicShapes/Cube.uasset" 18
"../../../../../../jacobarmitage/Documents/GitHub/SproutSprint/Content/Blueprints/Obstacles/LeftKnife_BP.uasset" 19
"../../../../../../jacobarmitage/Documents/GitHub/SproutSprint/Content/Blueprints/Knife_BP.uasset" 20
"../../../../../../jacobarmitage/Documents/GitHub/SproutSprint/Content/Materials/Ruby.uasset" 21
"../../../../../../jacobarmitage/Documents/GitHub/SproutSprint/Content/Sounds/Coin01.uasset" 22
"../../../../../../jacobarmitage/Documents/GitHub/SproutSprint/Content/Sounds/Gem01.uasset" 23
"../../../../../../jacobarmitage/Documents/GitHub/SproutSprint/Content/Blueprints/Items/BP_Gem.uasset" 24
"../../../../../../jacobarmitage/Documents/GitHub/SproutSprint/Content/Materials/Items/Magnet_jpg.uasset" 25
"../../../../../../jacobarmitage/Documents/GitHub/SproutSprint/Content/Materials/Items/Magnet.uasset" 26
"../../../../../../jacobarmitage/Documents/GitHub/SproutSprint/Content/Blueprints/Items/BP_magnet.uasset" 27
"../../../../../../jacobarmitage/Documents/GitHub/SproutSprint/Content/Materials/Gold.uasset" 28
"../../../Engine/Content/BasicShapes/Cylinder.uasset" 29
"../../../../../../jacobarmitage/Documents/GitHub/SproutSprint/Content/Blueprints/Items/BP_MasterItem.uasset" 30
"../../../../../../jacobarmitage/Documents/GitHub/SproutSprint/Content/Blueprints/Obstacles/Cheese_BP.uasset" 31
"../../../../../../jacobarmitage/Documents/GitHub/SproutSprint/Content/Blueprints/Obstacles/Fork_BP.uasset" 32
"../../../../../../jacobarmitage/Documents/GitHub/SproutSprint/Content/Blueprints/Obstacles/RightKnife_BP.uasset" 33
"../../../../../../jacobarmitage/Documents/GitHub/SproutSprint/Content/Blueprints/Tiles/BP_FloorTile.uasset" 34
"../../../../../../jacobarmitage/Documents/GitHub/SproutSprint/Content/Materials/Signs/ArrowsLeft.uasset" 35
"../../../../../../jacobarmitage/Documents/GitHub/SproutSprint/Content/Materials/Signs/LeftSign.uasset" 36
"../../../../../../jacobarmitage/Documents/GitHub/SproutSprint/Content/Blueprints/Tiles/Corners/BP_FloorTile_LeftCorner.uasset" 37
"../../../../../../jacobarmitage/Documents/GitHub/SproutSprint/Content/Materials/Signs/ArrowsRight.uasset" 38
"../../../../../../jacobarmitage/Documents/GitHub/SproutSprint/Content/Materials/Signs/Rightsign.uasset" 39
"../../../../../../jacobarmitage/Documents/GitHub/SproutSprint/Content/Blueprints/Tiles/Corners/BP_FloorTile_RightCorner.uasset" 40
"../../../../../../jacobarmitage/Documents/GitHub/SproutSprint/Content/StaticMeshes/M_Basic_Wall.uasset" 41
"../../../../../../jacobarmitage/Documents/GitHub/SproutSprint/Content/StaticMeshes/Shape_Wedge_B.uasset" 42
"../../../../../../jacobarmitage/Documents/GitHub/SproutSprint/Content/Blueprints/Tiles/Easy_Jumps/BP_FloorTile_Ramp.uasset" 43
"../../../Engine/Content/Functions/Engine_MaterialFunctions01/Gradient/LinearGradient.uasset" 44
"../../../../../../jacobarmitage/Documents/GitHub/SproutSprint/Content/Materials/Brown.uasset" 45
"../../../../../../jacobarmitage/Documents/GitHub/SproutSprint/Content/Blueprints/Tiles/BP_Master_Tile_5x5.uasset" 46
"../../../../../../jacobarmitage/Documents/GitHub/SproutSprint/Content/Blueprints/Tiles/Corners/BP_FloorTile_PreCorner.uasset" 47
"../../../../../../jacobarmitage/Documents/GitHub/SproutSprint/Content/Blueprints/Tiles/Corners/BP_Tile_5x5_BasicLeft.uasset" 48
"../../../../../../jacobarmitage/Documents/GitHub/SproutSprint/Content/Blueprints/Tiles/Corners/BP_Tile_5x5_BasicRight.uasset" 49
"../../../../../../jacobarmitage/Documents/GitHub/SproutSprint/Content/Blueprints/Tiles/Easy_Jumps/BP_Master_Tile_5x5_WideJump.uasset" 50
"../../../../../../jacobarmitage/Documents/GitHub/SproutSprint/Content/Blueprints/Tiles/Easy_Jumps/BP_FloorTile_Ramp_Centre.uasset" 51
"../../../../../../jacobarmitage/Documents/GitHub/SproutSprint/Content/Blueprints/Tiles/Easy_Jumps/BP_Master_Tile_5x5_CentreJump1.uasset" 52
"../../../../../../jacobarmitage/Documents/GitHub/SproutSprint/Content/Blueprints/Tiles/Easy_Jumps/BP_FloorTile_Ramp_Left.uasset" 53
"../../../../../../jacobarmitage/Documents/GitHub/SproutSprint/Content/Blueprints/Tiles/Easy_Jumps/BP_Master_Tile_5x5_LeftJump.uasset" 54
"../../../../../../jacobarmitage/Documents/GitHub/SproutSprint/Content/Blueprints/Tiles/Easy_Jumps/BP_FloorTile_Ramp_Right.uasset" 55
"../../../../../../jacobarmitage/Documents/GitHub/SproutSprint/Content/Blueprints/Tiles/Easy_Jumps/BP_Master_Tile_5x5_RightJump2.uasset" 56
"../../../../../../jacobarmitage/Documents/GitHub/SproutSprint/Content/Blueprints/Tiles/Easy_Left_Right/BP_Tile_5x5_Left01.uasset" 57
"../../../../../../jacobarmitage/Documents/GitHub/SproutSprint/Content/Blueprints/Tiles/Easy_Left_Right/BP_Tile_5x5_Left02.uasset" 58
"../../../../../../jacobarmitage/Documents/GitHub/SproutSprint/Content/Blueprints/Tiles/Easy_Left_Right/BP_Tile_5x5_LeftRight01.uasset" 59
"../../../../../../jacobarmitage/Documents/GitHub/SproutSprint/Content/Blueprints/Obstacles/BP_Plate.uasset" 60
"../../../../../../jacobarmitage/Documents/GitHub/SproutSprint/Content/Blueprints/Tiles/Easy_Left_Right/BP_Tile_5x5_Plates01.uasset" 61
"../../../../../../jacobarmitage/Documents/GitHub/SproutSprint/Content/Blueprints/Tiles/Easy_Left_Right/BP_Tile_5x5_Right01.uasset" 62
"../../../../../../jacobarmitage/Documents/GitHub/SproutSprint/Content/Blueprints/Tiles/Easy_Left_Right/BP_Tile_5x5_Right02.uasset" 63
"../../../../../../jacobarmitage/Documents/GitHub/SproutSprint/Content/Blueprints/Tiles/Tutorial/BP_Tile_5x5_Tutorial.uasset" 64
"../../../../../../jacobarmitage/Documents/GitHub/SproutSprint/Content/Blueprints/Tiles/Tutorial/BP_Tile_5x5_Tutorial_Lane0Coins.uasset" 65
"../../../../../../jacobarmitage/Documents/GitHub/SproutSprint/Content/Blueprints/Tiles/Tutorial/BP_Tile_5x5_Tutorial_Lane0To1Coins.uasset" 66
"../../../../../../jacobarmitage/Documents/GitHub/SproutSprint/Content/Blueprints/Tiles/Tutorial/BP_Tile_5x5_Tutorial_Lane2Coins.uasset" 67
"../../../../../../jacobarmitage/Documents/GitHub/SproutSprint/Content/Blueprints/Tiles/Tutorial/BP_Tile_5x5_Tutorial_Lane2to1Coins.uasset" 68
"../../../../../../jacobarmitage/Documents/GitHub/SproutSprint/Content/UI/PauseScreen/PauseScreen.uasset" 69
"../../../../../../jacobarmitage/Documents/GitHub/SproutSprint/Content/UI/HUD/HUD.uasset" 70
"../../../../../../jacobarmitage/Documents/GitHub/SproutSprint/Content/GameModes/InfiniteGameMode.uasset" 71
"../../../../../../jacobarmitage/Documents/GitHub/SproutSprint/Content/Blueprints/Tiles/BIN/BP_MasterTile.uasset" 72
"../../../Engine/Content/Maps/Templates/Thumbnails/Default.uasset" 73
"../../../Engine/Content/Maps/Templates/Thumbnails/VR-Basic.uasset" 74
"../../../Engine/Content/MobileResources/T_MobileControls_texture.uasset" 75
"../../../Engine/Content/MobileResources/T_MobileMenu2.uasset" 76
"../../../Engine/Content/MobileResources/HUD/MobileHUDDirectionPad3.uasset" 77
"../../../Engine/Content/MobileResources/HUD/MobileHUDButton2_off.uasset" 78
"../../../Engine/Content/MobileResources/HUD/MobileHUDButton3.uasset" 79
"../../../Engine/Content/MobileResources/HUD/T_Castle_ThumbstickInner.uasset" 80
"../../../Engine/Content/MobileResources/HUD/MobileHUDDirectionStick.uasset" 81
"../../../Engine/Content/MobileResources/HUD/VirtualJoystick_Background.uasset" 82
"../../../Engine/Content/MobileResources/HUD/VirtualJoystick_Thumb.uasset" 83
"../../../Engine/Content/MobileResources/HUD/DefaultVirtualJoysticks.uasset" 84
"../../../Engine/Content/MobileResources/HUD/T_Castle_ThumbstickOutter.uasset" 85
"../../../Engine/Content/MobileResources/HUD/MobileHUDButton2_on.uasset" 86
"../../../Engine/Content/MobileResources/HUD/MobileHUDDirectionPad2.uasset" 87
"../../../Engine/Content/MobileResources/HUD/MobileHUDDirectionPad.uasset" 88
"../../../Engine/Content/MobileResources/HUD/AnalogHat.uasset" 89
"../../../Engine/Content/MobileResources/HUD/MobileHUDButton1_on.uasset" 90
"../../../Engine/Content/MobileResources/HUD/MobileHUDButtonFire.uasset" 91
"../../../Engine/Content/MobileResources/HUD/LeftVirtualJoystickOnly.uasset" 92
"../../../Engine/Content/MobileResources/HUD/MobileHUDButton1_off.uasset" 93
"../../../Engine/Content/Tutorial/ContentIntroCurve.uasset" 94
"../../../Engine/Content/Tutorial/Basics/LevelEditorAttract.uasset" 95
"../../../Engine/Content/EngineResources/DefaultTextureCube.uasset" 96
"../../../Engine/Content/EngineResources/DefaultTexture.uasset" 97
"../../../Engine/Content/EngineResources/Black.uasset" 98
"../../../Engine/Content/EngineResources/DefaultVolumeTexture2D.uasset" 99
"../../../Engine/Content/EngineResources/DefaultVolumeTexture.uasset" 100
"../../../Engine/Content/EngineResources/GradientTexture0.uasset" 101
"../../../Engine/Content/EditorLandscapeResources/DataLayer.uasset" 102
"../../../Engine/Content/EditorSounds/Notifications/CompileSuccess.uasset" 103
"../../../Engine/Content/EditorSounds/Notifications/CompileSuccess_Cue.uasset" 104
"../../../Engine/Content/EditorSounds/Notifications/CompileFailed.uasset" 105
"../../../Engine/Content/EditorSounds/Notifications/CompileFailed_Cue.uasset" 106
"../../../Engine/Content/EditorSounds/Notifications/CompileStart_Cue.uasset" 107
"../../../Engine/Content/EditorMaterials/Camera/CineMat.uasset" 108
"../../../Engine/Content/EditorMaterials/Camera/MI_CineMat_Rig.uasset" 109
"../../../Engine/Content/EditorMeshes/Camera/SM_CraneRig_Body.uasset" 110
"../../../Engine/Content/EditorMeshes/Camera/SM_RailRig_Mount.uasset" 111
"../../../Engine/Content/EditorMeshes/Camera/SM_CraneRig_Base.uasset" 112
"../../../Engine/Content/EditorMeshes/Camera/SM_CraneRig_Mount.uasset" 113
"../../../Engine/Content/EditorMeshes/Camera/SM_CraneRig_Arm.uasset" 114
"../../../Engine/Content/EditorMeshes/Camera/SM_RailRig_Track.uasset" 115
"../../../Engine/Content/EngineFonts/Faces/RobotoBold.uasset" 116
"../../../Engine/Content/EngineFonts/Faces/RobotoBoldItalic.uasset" 117
"../../../Engine/Content/EngineFonts/Faces/RobotoItalic.uasset" 118
"../../../Engine/Content/EngineFonts/Faces/RobotoLight.uasset" 119
"../../../Engine/Content/EngineFonts/Faces/RobotoRegular.uasset" 120
"../../../Engine/Content/EngineFonts/Roboto.uasset" 121
"../../../Engine/Content/EngineDamageTypes/DmgTypeBP_Environmental.uasset" 122
"../../../Engine/Content/ArtTools/RenderToTexture/Meshes/S_1_Unit_Plane.uasset" 123
"../../../Engine/Content/Animation/DefaultAnimCurveCompressionSettings.uasset" 124
"../../../Engine/Content/EngineResources/WhiteSquareTexture.uasset" 125
"../../../Engine/Content/EngineMaterials/Widget3DPassThrough.uasset" 126
"../../../Engine/Content/EngineMaterials/Widget3DPassThrough_Masked.uasset" 127
"../../../Engine/Content/EngineMaterials/WeightMapPlaceholderTexture.uasset" 128
"../../../Engine/Content/EngineMaterials/Widget3DPassThrough_Translucent.uasset" 129
"../../../Engine/Content/EngineMaterials/Widget3DPassThrough_Translucent_OneSided.uasset" 130
"../../../Engine/Content/EngineMaterials/EditorBrushMaterial.uasset" 131
"../../../Engine/Content/Functions/Engine_MaterialFunctions02/WorldPositionOffset/CameraOffset.uasset" 132
"../../../Engine/Content/EngineMaterials/PhAT_JointLimitMaterial.uasset" 133
"../../../Engine/Content/EngineMaterials/BlueNoise.uasset" 134
"../../../Engine/Content/EngineMaterials/DefaultWhiteGrid_Low.uasset" 135
"../../../Engine/Content/EngineMaterials/EmissiveMeshMaterial.uasset" 136
"../../../Engine/Content/EngineMaterials/Widget3DPassThrough_Opaque.uasset" 137
"../../../Engine/Content/EngineMaterials/Widget3DPassThrough_Masked_OneSided.uasset" 138
"../../../Engine/Content/EngineMaterials/Good64x64TilingNoiseHighFreq.uasset" 139
"../../../Engine/Content/EngineMaterials/DefaultBloomKernel.uasset" 140
"../../../Engine/Content/EngineMaterials/RemoveSurfaceMaterial.uasset" 141
"../../../Engine/Content/EngineMaterials/DefaultDiffuse.uasset" 142
"../../../Engine/Content/EngineMaterials/DefaultDeferredDecalMaterial.uasset" 143
"../../../Engine/Content/Functions/Engine_MaterialFunctions02/Utility/BreakOutFloat2Components.uasset" 144
"../../../Engine/Content/EngineMaterials/DefaultPostProcessMaterial.uasset" 145
"../../../Engine/Content/EngineMaterials/DefaultPhysicalMaterial.uasset" 146
"../../../Engine/Content/EngineMaterials/BaseFlattenDiffuseMap.uasset" 147
"../../../Engine/Content/EngineMaterials/BaseFlattenEmissiveMap.uasset" 148
"../../../Engine/Content/EngineMaterials/BaseFlattenGrayscaleMap.uasset" 149
"../../../Engine/Content/EngineMaterials/BaseFlattenNormalMap.uasset" 150
"../../../Engine/Content/EngineMaterials/BaseFlattenMaterial.uasset" 151
"../../../Engine/Content/EngineMaterials/InvalidLightmapSettings.uasset" 152
"../../../Engine/Content/EngineMaterials/M_InvalidLightmapSettings.uasset" 153
"../../../Engine/Content/EngineFonts/RobotoDistanceField.uasset" 154
"../../../Engine/Content/EngineMaterials/DefaultTextMaterialOpaque.uasset" 155
"../../../Engine/Content/EngineMaterials/PreintegratedSkinBRDF.uasset" 156
"../../../Engine/Content/EngineMaterials/DefaultVirtualTextureMaterial.uasset" 157
"../../../Engine/Content/EngineMaterials/Widget3DPassThrough_Opaque_OneSided.uasset" 158
"../../../Engine/Content/EngineMaterials/DefaultBokeh.uasset" 159
"../../../Engine/Content/EngineMaterials/DefaultLightFunctionMaterial.uasset" 160
"../../../Engine/Content/EngineMaterials/MiniFont.uasset" 161
"../../../Engine/Content/EngineMaterials/DefaultWhiteGrid.uasset" 162
"../../../Engine/Content/EngineDebugMaterials/DebugEditorMaterial.uasset" 163
"../../../Engine/Content/EngineDebugMaterials/GeomMaterial.uasset" 164
"../../../Engine/Content/EngineDebugMaterials/WireframeMaterial.uasset" 165
"../../../Engine/Content/EngineDebugMaterials/HeatmapGradient.uasset" 166
"../../../Engine/Content/EngineDebugMaterials/BoneWeightMaterial.uasset" 167
"../../../Engine/Content/Functions/Engine_MaterialFunctions02/Utility/CameraDirectionVector.uasset" 168
"../../../Engine/Content/EngineDebugMaterials/VolumeToRender.uasset" 169
"../../../Engine/Content/EngineDebugMaterials/M_VolumeRenderSphereTracePP.uasset" 170
"../../../Engine/Content/EngineDebugMaterials/ClothMaterial.uasset" 171
"../../../Engine/Content/EngineDebugMaterials/ClothMaterial_WF.uasset" 172
"../../../Engine/Content/EngineDebugMaterials/DebugMeshMaterial.uasset" 173
"../../../Engine/Content/EngineDebugMaterials/M_SimpleTranslucent.uasset" 174
"../../../Engine/Content/EditorResources/S_Note.uasset" 175
"../../../Engine/Content/EditorResources/S_Solver.uasset" 176
"../../../Engine/Content/EditorResources/S_Trigger.uasset" 177
"../../../Engine/Content/EditorResources/S_Actor.uasset" 178
"../../../Engine/Content/EditorResources/EmptyActor.uasset" 179
"../../../Engine/Content/EditorResources/BSPVertex.uasset" 180
"../../../Engine/Content/EditorResources/SequenceRecorder/Countdown.uasset" 181
"../../../Engine/Content/EditorResources/SequenceRecorder/RecordingIndicator.uasset" 182
"../../../Engine/Content/EditorResources/LightIcons/S_LightError.uasset" 183
"../../../Engine/Content/BasicShapes/Cone.uasset" 184
"../../../Engine/Content/BasicShapes/Plane.uasset" 185
"../../../Engine/Content/Functions/Engine_MaterialFunctions01/Shading/ConvertFromDiffSpec.uasset" 186
"../../../Engine/Content/Functions/Engine_MaterialFunctions01/Shading/PowerToRoughness.uasset" 187
"../../../Engine/Content/EditorMaterials/PreviewShadowIndicator.uasset" 188
"../../../Engine/Content/EditorMaterials/PreviewShadowIndicatorMaterial.uasset" 189
"../../../Engine/Content/EditorMaterials/GizmoMaterial.uasset" 190
"../../../Engine/Content/EditorMaterials/MAT_Groups_Toggle.uasset" 191
"../../../Engine/Content/EditorMaterials/MAT_Groups_Visibility.uasset" 192
"../../../Engine/Content/EditorMaterials/ParticleSystems/PSysThumbnail_NoImage.uasset" 193
"../../../Engine/Content/EditorMaterials/ParticleSystems/PSysThumbnail_OOD.uasset" 194
"../../../Engine/Content/EditorMaterials/MatineeGroups/MAT_Groups_Vector.uasset" 195
"../../../Engine/Content/EditorMaterials/MatineeGroups/MAT_ColorTrack.uasset" 196
"../../../Engine/Content/EditorMaterials/MatineeGroups/MAT_Groups_AudioMaster.uasset" 197
"../../../Engine/Content/EditorMaterials/MatineeGroups/MAT_Groups_Sound.uasset" 198
"../../../Engine/Content/EditorMaterials/MatineeGroups/MAT_Groups_Float.uasset" 199
"../../../Engine/Content/EditorMaterials/MatineeGroups/MAT_Groups_Director.uasset" 200
"../../../Engine/Content/EditorMaterials/MatineeGroups/MAT_Groups_Move.uasset" 201
"../../../Engine/Content/EditorMaterials/MatineeGroups/MAT_Groups_Event.uasset" 202
"../../../Engine/Content/EditorMaterials/MatineeGroups/MAT_Groups_Fade.uasset" 203
"../../../Engine/Content/EditorMaterials/MatineeGroups/MAT_Groups_Anim.uasset" 204
"../../../Engine/Content/EditorMaterials/MatineeGroups/MAT_Groups_Slomo.uasset" 205
"../../../Engine/Content/EngineSounds/Master.uasset" 206
"../../../Engine/Content/EngineMeshes/Cylinder.uasset" 207
"../../../Engine/Content/EngineMeshes/Sphere.uasset" 208
"../../../Engine/Content/VREditor/LaserPointer/VR_LaserPower_01.uasset" 209
"../../../Engine/Content/VREditor/TransformGizmo/TransformGizmoMaterial.uasset" 210
"../../../Engine/Content/VREditor/TransformGizmo/TranslucentTransformGizmoMaterial.uasset" 211
"../../../Engine/Content/VREditor/TransformGizmo/PlaneTranslationHandle.uasset" 212
"../../../Engine/Content/VREditor/TransformGizmo/Main.uasset" 213
"../../../Engine/Content/VREditor/TransformGizmo/Xray.uasset" 214
"../../../Engine/Content/VREditor/TransformGizmo/SM_Sequencer_Key.uasset" 215
"../../../Engine/Content/VREditor/TransformGizmo/BoundingBoxCorner.uasset" 216
"../../../Engine/Content/VREditor/TransformGizmo/SM_Sequencer_Node.uasset" 217
"../../../Engine/Content/VREditor/TransformGizmo/BoundingBoxEdge.uasset" 218
"../../Plugins/2D/Paper2D/Content/PlaceholderTextures/DummySpriteTexture.uasset" 219
"../../Plugins/2D/Paper2D/Content/DummySpriteTexture.uasset" 220
"../../Plugins/2D/Paper2D/Content/DefaultSpriteMaterial.uasset" 221
"../../Plugins/2D/Paper2D/Content/OpaqueUnlitSpriteMaterial.uasset" 222
"../../Plugins/2D/Paper2D/Content/DummySprite.uasset" 223
"../../Plugins/2D/Paper2D/Content/DefaultPaperTerrainMaterial.uasset" 224
"../../Plugins/2D/Paper2D/Content/MaskedUnlitSpriteMaterial.uasset" 225
"../../../../../../jacobarmitage/Documents/GitHub/SproutSprint/Content/Levels/InfiniteLevel_BuiltData.uasset" 226
"../../../../../../jacobarmitage/Documents/GitHub/SproutSprint/Content/Levels/InfiniteLevel.umap" 227
"../../../../../../jacobarmitage/Documents/GitHub/SproutSprint/Content/GameModes/EmptyGameMode.uasset" 228
"../../../../../../jacobarmitage/Documents/GitHub/SproutSprint/Content/UI/StartScreen/StartScreen.uasset" 229
"../../../../../../jacobarmitage/Documents/GitHub/SproutSprint/Content/Levels/Start.umap" 230
"../../../Engine/Content/Maps/Entry_BuiltData.uasset" 231
"../../../Engine/Content/Maps/Entry.umap" 232
